<?xml version="1.0" encoding="UTF-8"?>
<!-- Generated by org.testng.reporters.JUnitXMLReporter -->
<testsuite ignored="0" hostname="Basia-Komp" failures="0" tests="3" name="Speech Rank - Firefox" time="78.381" errors="0" timestamp="27 lut 2020 22:21:46 GMT">
  <testcase classname="tests.Functional.backHomeRedirection" name="backHomeRedirection" time="18.826"/>
  <testcase classname="tests.Functional.AddComment" name="addComment" time="7.035"/>
  <testcase classname="tests.Functional.DevConfRedirection" name="backHomeRedirection" time="2.044"/>
</testsuite> <!-- Speech Rank - Firefox -->
