<?xml version="1.0" encoding="UTF-8"?>
<!-- Generated by org.testng.reporters.JUnitXMLReporter -->
<testsuite ignored="0" hostname="Basia-Komp" failures="0" tests="3" name="Speech Rank - Chrome" time="92.042" errors="0" timestamp="27 lut 2020 22:22:00 GMT">
  <testcase classname="tests.Functional.backHomeRedirection" name="backHomeRedirection" time="17.372"/>
  <testcase classname="tests.Functional.AddComment" name="addComment" time="19.848"/>
  <testcase classname="tests.Functional.DevConfRedirection" name="backHomeRedirection" time="9.843"/>
</testsuite> <!-- Speech Rank - Chrome -->
