<?xml version="1.0" encoding="UTF-8"?>
<testsuite xmlns:xsi="http://www.w3.org/2001/XMLSchema-instance" xsi:noNamespaceSchemaLocation="https://maven.apache.org/surefire/maven-surefire-plugin/xsd/surefire-test-report.xsd" name="TestSuite" time="97.427" tests="6" errors="0" skipped="0" failures="0">
  <properties>
[...]
</properties>
  <testcase name="backHomeRedirection" classname="tests.Functional.backHomeRedirection" time="17.392"/>
  <testcase name="backHomeRedirection" classname="tests.Functional.backHomeRedirection" time="17.451"/>
  <testcase name="addComment" classname="tests.Functional.AddComment" time="2.074"/>
  <testcase name="addComment" classname="tests.Functional.AddComment" time="19.852"/>
  <testcase name="backHomeRedirection" classname="tests.Functional.DevConfRedirection" time="2.055"/>
  <testcase name="backHomeRedirection" classname="tests.Functional.DevConfRedirection" time="9.841"/>
</testsuite>